<?xml version="1.0" encoding="utf-8"?><testsuites name="pytest tests"><testsuite name="pytest" errors="0" failures="0" skipped="0" tests="374" time="20.145" timestamp="2026-08-29T13:24:08.549522+05:00" hostname="Hunter"><testcase classname="tests.test_ai.TestCLIPScore" name="test_defaults" time="0.001" /><testcase classname="tests.test_ai.TestCLIPScore" name="test_valid_scores" time="0.001" /><testcase classname="tests.test_ai.TestCLIPScore" name="test_score_out_of_range_high" time="0.001" /><testcase classname="tests.test_ai.TestCLIPScore" name="test_score_out_of_range_low" time="0.000" /><testcase classname="tests.test_ai.TestLLMScore" name="test_defaults" time="0.000" /><testcase classname="tests.test_ai.TestLLMScore" name="test_valid_like" time="0.000" /><testcase classname="tests.test_ai.TestLLMScore" name="test_score_out_of_range" time="0.000" /><testcase classname="tests.test_ai.TestLLMScore" name="test_confidence_out_of_range" time="0.000" /><testcase classname="tests.test_ai.TestAIScore" name="test_defaults" time="0.000" /><testcase classname="tests.test_ai.TestAIScore" name="test_reasons_json" time="0.001" /><testcase classname="tests.test_ai.TestAIScore" name="test_full_score" time="0.001" /><testcase classname="tests.test_ai.TestCLIPService" name="test_enabled" time="0.001" /><testcase classname="tests.test_ai.TestCLIPService" name="test_disabled" time="0.001" /><testcase classname="tests.test_ai.TestCLIPService" name="test_disabled_returns_zero" time="0.001" /><testcase classname="tests.test_ai.TestCLIPService" name="test_empty_images" time="0.001" /><testcase classname="tests.test_ai.TestCLIPService" name="test_stub_analysis" time="0.001" /><testcase classname="tests.test_ai.TestLLMService" name="test_enabled" time="0.001" /><testcase classname="tests.test_ai.TestLLMService" name="test_disabled" time="0.001" /><testcase classname="tests.test_ai.TestLLMService" name="test_disabled_returns_review" time="0.001" /><testcase classname="tests.test_ai.TestLLMService" name="test_stub_returns_review" time="0.001" /><testcase classname="tests.test_ai.TestLLMService" name="test_build_prompt" time="0.001" /><testcase classname="tests.test_ai.TestLLMService" name="test_parse_valid_json" time="0.001" /><testcase classname="tests.test_ai.TestLLMService" name="test_parse_invalid_json" time="0.001" /><testcase classname="tests.test_ai.TestAIScoringCombined" name="test_both_enabled" time="0.084" /><testcase classname="tests.test_ai.TestAIScoringCombined" name="test_only_clip" time="0.097" /><testcase classname="tests.test_ai.TestAIScoringCombined" name="test_only_llm" time="0.083" /><testcase classname="tests.test_ai.TestAIScoringCombined" name="test_both_disabled" time="0.074" /><testcase classname="tests.test_ai.TestAIScoringCombined" name="test_weight_normalization" time="0.078" /><testcase classname="tests.test_ai.TestRecommendationThresholds" name="test_recommendation_rejects_when_disabled_services" time="0.078" /><testcase classname="tests.test_ai.TestConfidenceLevels" name="test_both_sources_high" time="0.075" /><testcase classname="tests.test_ai.TestConfidenceLevels" name="test_llm_only_medium" time="0.073" /><testcase classname="tests.test_ai.TestConfidenceLevels" name="test_clip_only_medium" time="0.076" /><testcase classname="tests.test_ai.TestConfidenceLevels" name="test_nothing_low" time="0.081" /><testcase classname="tests.test_ai.TestReasonsCollection" name="test_no_data" time="0.072" /><testcase classname="tests.test_ai.TestReasonsCollection" name="test_clip_high_quality" time="0.077" /><testcase classname="tests.test_ai.TestReasonsCollection" name="test_clip_low_quality" time="0.071" /><testcase classname="tests.test_ai.TestReasonsCollection" name="test_llm_reasons_included" time="0.076" /><testcase classname="tests.test_ai.TestAIScoreDB" name="test_save_and_get_latest" time="0.079" /><testcase classname="tests.test_ai.TestAIScoreDB" name="test_get_latest_none" time="0.078" /><testcase classname="tests.test_ai.TestAIScoreDB" name="test_get_history" time="0.082" /><testcase classname="tests.test_ai.TestAIScoringDBIntegration" name="test_evaluate_saves_to_db" time="0.085" /><testcase classname="tests.test_ai.TestAIScoringDBIntegration" name="test_get_latest_via_service" time="0.081" /><testcase classname="tests.test_ai.TestAIScoringDBIntegration" name="test_get_history_via_service" time="0.097" /><testcase classname="tests.test_ai.TestAIScoreCascade" name="test_cascade_delete" time="0.091" /><testcase classname="tests.test_ai.TestCollectorAIIntegration" name="test_pass_triggers_ai" time="0.012" /><testcase classname="tests.test_ai.TestCollectorAIIntegration" name="test_reject_skips_ai" time="0.005" /><testcase classname="tests.test_ai.TestCollectorAIIntegration" name="test_review_skips_ai" time="0.005" /><testcase classname="tests.test_ai.TestCollectorAIIntegration" name="test_no_ai_service_still_works" time="0.005" /><testcase classname="tests.test_ai.TestCollectorAIIntegration" name="test_ai_error_doesnt_break_collector" time="0.006" /><testcase classname="tests.test_ai.TestModelVersion" name="test_both_enabled" time="0.075" /><testcase classname="tests.test_ai.TestModelVersion" name="test_clip_only" time="0.075" /><testcase classname="tests.test_ai.TestModelVersion" name="test_none_enabled" time="0.076" /><testcase classname="tests.test_ai.TestRowToScore" name="test_valid_row" time="0.001" /><testcase classname="tests.test_ai.TestRowToScore" name="test_missing_optional_fields" time="0.000" /><testcase classname="tests.test_ai.TestScoringConfigValidation" name="test_dislike_less_than_like" time="0.001" /><testcase classname="tests.test_ai.TestScoringConfigValidation" name="test_equal_thresholds_raises" time="0.001" /><testcase classname="tests.test_ai.TestScoringConfigValidation" name="test_dislike_greater_than_like_raises" time="0.000" /><testcase classname="tests.test_ai.TestAIConfigBackend" name="test_local_backend" time="0.000" /><testcase classname="tests.test_ai.TestAIConfigBackend" name="test_remote_backend" time="0.001" /><testcase classname="tests.test_ai.TestAIConfigBackend" name="test_invalid_backend_raises" time="0.001" /><testcase classname="tests.test_ai.TestImagesConfig" name="test_defaults" time="0.000" /><testcase classname="tests.test_ai.TestImagesConfig" name="test_custom_values" time="0.000" /><testcase classname="tests.test_ai.TestRemoteAIConfig" name="test_defaults" time="0.000" /><testcase classname="tests.test_ai.TestRemoteAIConfig" name="test_custom_values" time="0.000" /><testcase classname="tests.test_ai.TestRemoteLLMClient" name="test_enabled" time="0.022" /><testcase classname="tests.test_ai.TestRemoteLLMClient" name="test_disabled" time="0.001" /><testcase classname="tests.test_ai.TestRemoteLLMClient" name="test_disabled_returns_review" time="0.001" /><testcase classname="tests.test_ai.TestRemoteLLMClient" name="test_parse_valid_response" time="0.001" /><testcase classname="tests.test_ai.TestRemoteLLMClient" name="test_parse_response_clamps_scores" time="0.001" /><testcase classname="tests.test_ai.TestRemoteLLMClient" name="test_parse_response_invalid_reasons" time="0.001" /><testcase classname="tests.test_ai.TestRemoteLLMClient" name="test_parse_response_exception" time="0.026" /><testcase classname="tests.test_ai.TestRemoteLLMClient" name="test_successful_evaluate" time="0.001" /><testcase classname="tests.test_ai.TestRemoteLLMClient" name="test_timeout_retries" time="0.002" /><testcase classname="tests.test_ai.TestRemoteLLMClient" name="test_connection_error_retries" time="0.001" /><testcase classname="tests.test_ai.TestRemoteLLMClient" name="test_http_429_retries" time="0.001" /><testcase classname="tests.test_ai.TestRemoteLLMClient" name="test_http_500_retries" time="0.001" /><testcase classname="tests.test_ai.TestRemoteLLMClient" name="test_http_503_retries" time="0.001" /><testcase classname="tests.test_ai.TestRemoteLLMClient" name="test_http_400_no_retry" time="0.001" /><testcase classname="tests.test_ai.TestRemoteLLMClient" name="test_http_404_no_retry" time="0.001" /><testcase classname="tests.test_ai.TestRemoteLLMClient" name="test_close" time="0.001" /><testcase classname="tests.test_ai.TestRemoteLLMClient" name="test_http_401_auth_failure_no_retry_llm" time="0.001" /><testcase classname="tests.test_ai.TestRemoteLLMClient" name="test_http_403_auth_failure_no_retry_llm" time="0.001" /><testcase classname="tests.test_ai.TestRemoteLLMClient" name="test_sends_x_api_key_header_llm" time="0.001" /><testcase classname="tests.test_ai.TestRemoteCLIPClient" name="test_enabled" time="0.001" /><testcase classname="tests.test_ai.TestRemoteCLIPClient" name="test_disabled" time="0.001" /><testcase classname="tests.test_ai.TestRemoteCLIPClient" name="test_disabled_returns_zero" time="0.001" /><testcase classname="tests.test_ai.TestRemoteCLIPClient" name="test_empty_images" time="0.001" /><testcase classname="tests.test_ai.TestRemoteCLIPClient" name="test_parse_valid_response" time="0.001" /><testcase classname="tests.test_ai.TestRemoteCLIPClient" name="test_parse_response_clamps_scores" time="0.001" /><testcase classname="tests.test_ai.TestRemoteCLIPClient" name="test_parse_response_exception" time="0.001" /><testcase classname="tests.test_ai.TestRemoteCLIPClient" name="test_successful_analyze" time="0.001" /><testcase classname="tests.test_ai.TestRemoteCLIPClient" name="test_timeout_retries" time="0.001" /><testcase classname="tests.test_ai.TestRemoteCLIPClient" name="test_connection_error_retries" time="0.001" /><testcase classname="tests.test_ai.TestRemoteCLIPClient" name="test_http_500_retries" time="0.002" /><testcase classname="tests.test_ai.TestRemoteCLIPClient" name="test_http_400_no_retry" time="0.001" /><testcase classname="tests.test_ai.TestRemoteCLIPClient" name="test_close" time="0.001" /><testcase classname="tests.test_ai.TestRemoteCLIPClient" name="test_http_401_auth_failure_no_retry_clip" time="0.001" /><testcase classname="tests.test_ai.TestRemoteCLIPClient" name="test_http_403_auth_failure_no_retry_clip" time="0.001" /><testcase classname="tests.test_ai.TestRemoteCLIPClient" name="test_sends_x_api_key_header_clip" time="0.001" /><testcase classname="tests.test_ai.TestErrorIsolation" name="test_clip_fails_llm_still_works" time="0.084" /><testcase classname="tests.test_ai.TestErrorIsolation" name="test_llm_fails_clip_still_works" time="0.081" /><testcase classname="tests.test_ai.TestCollectorImagePipeline" name="test_pass_downloads_images" time="0.006" /><testcase classname="tests.test_ai.TestCollectorImagePipeline" name="test_reject_skips_image_download" time="0.005" /><testcase classname="tests.test_ai.TestAIScoringWithRemoteClients" name="test_remote_llm_produces_score" time="0.084" /><testcase classname="tests.test_ai.TestAIScoringWithRemoteClients" name="test_remote_clip_produces_score" time="0.078" /><testcase classname="tests.test_ai_scoring.TestAIScoringServiceStage5" name="test_score_text_returns_llm_score" time="0.077" /><testcase classname="tests.test_ai_scoring.TestAIScoringServiceStage5" name="test_score_text_none_when_llm_disabled" time="0.081" /><testcase classname="tests.test_ai_scoring.TestAIScoringServiceStage5" name="test_score_images_returns_clip_score" time="0.076" /><testcase classname="tests.test_ai_scoring.TestAIScoringServiceStage5" name="test_score_images_none_when_clip_disabled" time="0.080" /><testcase classname="tests.test_ai_scoring.TestAIScoringServiceStage5" name="test_score_profile_both" time="0.077" /><testcase classname="tests.test_ai_scoring.TestAIScoringServiceStage5" name="test_score_profile_llm_only" time="0.076" /><testcase classname="tests.test_ai_scoring.TestAIScoringServiceStage5" name="test_score_profile_clip_only" time="0.081" /><testcase classname="tests.test_ai_scoring.TestAIScoringServiceStage5" name="test_clip_score_none_without_images" time="0.077" /><testcase classname="tests.test_ai_scoring.TestAIScoringServiceStage5" name="test_score_profile_does_not_save" time="0.077" /><testcase classname="tests.test_ai_scoring.TestAIScoringServiceStage5" name="test_combined_score_weights_configurable" time="0.080" /><testcase classname="tests.test_analytics.TestAnalyticsTotals" name="test_overview" time="0.115" /><testcase classname="tests.test_analytics.TestAnalyticsTotals" name="test_ai_stats" time="0.117" /><testcase classname="tests.test_analytics.TestAnalyticsTotals" name="test_human_stats" time="0.118" /><testcase classname="tests.test_analytics.TestAnalyticsTotals" name="test_empty_database" time="0.075" /><testcase classname="tests.test_analytics.TestAnalyticsTotals" name="test_no_pending_reviews" time="0.124" /><testcase classname="tests.test_analytics.TestAgreementStats" name="test_agreement_rates" time="0.116" /><testcase classname="tests.test_analytics.TestAgreementStats" name="test_skip_excluded_from_rate" time="0.085" /><testcase classname="tests.test_analytics.TestAgreementStats" name="test_agreement_rate_null_not_zero" time="0.089" /><testcase classname="tests.test_analytics.TestBreakdowns" name="test_ai_breakdown" time="0.113" /><testcase classname="tests.test_analytics.TestBreakdowns" name="test_score_distribution_uses_config" time="0.111" /><testcase classname="tests.test_analytics.TestBreakdowns" name="test_custom_thresholds" time="0.079" /><testcase classname="tests.test_analytics.TestBreakdowns" name="test_filter_breakdown" time="0.112" /><testcase classname="tests.test_analytics.TestBreakdowns" name="test_scoring_version_breakdown" time="0.091" /><testcase classname="tests.test_analytics.TestBreakdowns" name="test_prompt_version_breakdown" time="0.092" /><testcase classname="tests.test_analytics.TestBreakdowns" name="test_disagreement_calculation" time="0.109" /><testcase classname="tests.test_analytics.TestDisagreementSorting" name="test_sort_newest" time="0.103" /><testcase classname="tests.test_analytics.TestDisagreementSorting" name="test_sort_highest_score" time="0.099" /><testcase classname="tests.test_analytics.TestDisagreementSorting" name="test_sort_lowest_confidence" time="0.093" /><testcase classname="tests.test_analytics.TestHistoryExport" name="test_profile_history" time="0.086" /><testcase classname="tests.test_analytics.TestHistoryExport" name="test_export_csv" time="0.119" /><testcase classname="tests.test_analytics.TestHistoryExport" name="test_export_empty_raises" time="0.074" /><testcase classname="tests.test_analytics.TestHistoryExport" name="test_csv_fields_contract_count_and_order" time="0.001" /><testcase classname="tests.test_audit.TestAudit1MultipleMessages" name="test_three_messages_one_profile" time="0.089" /><testcase classname="tests.test_audit.TestAudit1MultipleMessages" name="test_message_count_reflects" time="0.085" /><testcase classname="tests.test_audit.TestAudit2UniqueConstraint" name="test_different_messages_same_profile" time="0.084" /><testcase classname="tests.test_audit.TestAudit2UniqueConstraint" name="test_same_message_idempotent" time="0.085" /><testcase classname="tests.test_audit.TestAudit2UniqueConstraint" name="test_constraint_exists" time="0.070" /><testcase classname="tests.test_audit.TestAudit3Fingerprint" name="test_deterministic" time="0.001" /><testcase classname="tests.test_audit.TestAudit3Fingerprint" name="test_case_insensitive" time="0.010" /><testcase classname="tests.test_audit.TestAudit3Fingerprint" name="test_different_inputs_different_fp" time="0.001" /><testcase classname="tests.test_audit.TestAudit3Fingerprint" name="test_is_sha256" time="0.001" /><testcase classname="tests.test_audit.TestAudit3Fingerprint" name="test_matches_manual_sha256" time="0.001" /><testcase classname="tests.test_audit.TestAudit4Upsert" name="test_same_fingerprint_same_id" time="0.071" /><testcase classname="tests.test_audit.TestAudit4Upsert" name="test_different_fingerprint_different_id" time="0.084" /><testcase classname="tests.test_audit.TestAudit5Description" name="test_upsert_updates_description" time="0.087" /><testcase classname="tests.test_audit.TestAudit5Description" name="test_raw_message_preserved" time="0.094" /><testcase classname="tests.test_audit.TestAudit6RawCity" name="test_different_raw_same_normalized" time="0.090" /><testcase classname="tests.test_audit.TestAudit6RawCity" name="test_normalized_never_changes" time="0.088" /><testcase classname="tests.test_audit.TestAudit7Match" name="test_match_updates_existing" time="0.079" /><testcase classname="tests.test_audit.TestAudit7Match" name="test_match_does_not_create_profile" time="0.076" /><testcase classname="tests.test_audit.TestAudit8Transaction" name="test_create_and_link_atomic" time="0.079" /><testcase classname="tests.test_audit.TestAudit8Transaction" name="test_profile_exists_even_if_link_fails" time="0.074" /><testcase classname="tests.test_audit.TestAudit9ForeignKeys" name="test_foreign_keys_enabled" time="0.077" /><testcase classname="tests.test_audit.TestAudit9ForeignKeys" name="test_cascade_delete" time="0.076" /><testcase classname="tests.test_audit.TestAudit10BackwardCompat" name="test_raw_messages_preserved" time="0.082" /><testcase classname="tests.test_audit.TestAudit10BackwardCompat" name="test_schema_idempotent" time="0.095" /><testcase classname="tests.test_audit.TestAudit11Concurrency" name="test_sequential_messages_no_duplicates" time="0.141" /><testcase classname="tests.test_audit.TestAudit11Concurrency" name="test_no_duplicate_profile_messages" time="0.087" /><testcase classname="tests.test_audit.TestAudit12Regression" name="test_empty_description_not_overwrite" time="0.078" /><testcase classname="tests.test_audit.TestAudit12Regression" name="test_fingerprint_in_db" time="0.072" /><testcase classname="tests.test_audit.TestAudit12Regression" name="test_status_transitions" time="0.084" /><testcase classname="tests.test_collector.TestDedup" name="test_first_time_not_duplicate" time="0.001" /><testcase classname="tests.test_collector.TestDedup" name="test_second_time_is_duplicate" time="0.001" /><testcase classname="tests.test_collector.TestDedup" name="test_different_ids" time="0.000" /><testcase classname="tests.test_collector.TestRawQueue" name="test_put_get" time="0.001" /><testcase classname="tests.test_collector.TestRawQueue" name="test_stats" time="0.001" /><testcase classname="tests.test_collector.TestCollectorStats" name="test_record_profile" time="0.000" /><testcase classname="tests.test_collector.TestCollectorStats" name="test_record_match" time="0.000" /><testcase classname="tests.test_collector.TestCollectorStats" name="test_record_media_only" time="0.000" /><testcase classname="tests.test_collector.TestCollectorStats" name="test_record_unknown" time="0.000" /><testcase classname="tests.test_collector.TestCollectorStats" name="test_uptime" time="0.000" /><testcase classname="tests.test_collector.TestRateLimiter" name="test_can_act_initially" time="0.000" /><testcase classname="tests.test_collector.TestRateLimiter" name="test_remaining_today" time="0.000" /><testcase classname="tests.test_collector.TestMediaAnalyzer" name="test_stub" time="0.001" /><testcase classname="tests.test_collector.TestCollectorIntegration" name="test_register" time="0.012" /><testcase classname="tests.test_collector.TestCollectorIntegration" name="test_handle_profile" time="0.004" /><testcase classname="tests.test_collector.TestCollectorIntegration" name="test_handle_match" time="0.004" /><testcase classname="tests.test_collector.TestCollectorIntegration" name="test_handle_media_only" time="0.003" /><testcase classname="tests.test_collector.TestCollectorIntegration" name="test_handle_unknown" time="0.015" /><testcase classname="tests.test_collector.TestSourceFilter" name="test_authorized_chat_is_processed" time="0.004" /><testcase classname="tests.test_collector.TestSourceFilter" name="test_unauthorized_ignored_before_db" time="0.001" /><testcase classname="tests.test_collector.TestSourceFilter" name="test_unauthorized_photo_no_download_no_db" time="0.002" /><testcase classname="tests.test_collector.TestSourceFilter" name="test_unauthorized_no_ai_scoring" time="0.002" /><testcase classname="tests.test_collector.TestSourceFilter" name="test_config_sources_seeded_from_dvinchik" time="0.001" /><testcase classname="tests.test_collector.TestMediaLinking" name="test_media_links_to_profile_not_to_media" time="0.007" /><testcase classname="tests.test_collector.TestMediaLinking" name="test_foreign_media_never_linked" time="0.002" /><testcase classname="tests.test_collector.TestIdempotency" name="test_duplicate_same_session_skipped" time="0.093" /><testcase classname="tests.test_collector.TestIdempotency" name="test_replay_after_restart_skipped_via_db" time="0.091" /><testcase classname="tests.test_collector.TestIdempotency" name="test_db_unique_prevents_duplicate_raw" time="0.084" /><testcase classname="tests.test_collector.TestIdempotency" name="test_dedup_concurrent_same_message" time="0.002" /><testcase classname="tests.test_collector.TestRawWorker" name="test_handler_does_not_run_ai" time="0.003" /><testcase classname="tests.test_collector.TestRawWorker" name="test_message_enqueued" time="0.002" /><testcase classname="tests.test_collector.TestRawWorker" name="test_worker_processes_queue" time="0.001" /><testcase classname="tests.test_collector.TestRawWorker" name="test_worker_error_does_not_kill" time="0.001" /><testcase classname="tests.test_collector.TestRawWorker" name="test_worker_graceful_shutdown" time="0.001" /><testcase classname="tests.test_collector.TestRawWorker" name="test_duplicate_not_reprocessed_with_worker" time="0.073" /><testcase classname="tests.test_collector.TestMediaLinkingPersistent" name="test_profile_then_media_linked" time="0.098" /><testcase classname="tests.test_collector.TestMediaLinkingPersistent" name="test_media_after_restart_recovered" time="0.103" /><testcase classname="tests.test_collector.TestMediaLinkingPersistent" name="test_multiple_media_linked_to_same_profile" time="0.116" /><testcase classname="tests.test_collector.TestMediaLinkingPersistent" name="test_unknown_media_without_context" time="0.089" /><testcase classname="tests.test_collector.TestMediaLinkingPersistent" name="test_duplicate_media_not_duplicated" time="0.109" /><testcase classname="tests.test_collector.TestBacklogRecovery" name="test_raw_without_processing_recovered" time="0.083" /><testcase classname="tests.test_collector.TestBacklogRecovery" name="test_processed_not_recovered" time="0.084" /><testcase classname="tests.test_collector.TestBacklogRecovery" name="test_several_backlog_recovered" time="0.093" /><testcase classname="tests.test_collector.TestBacklogRecovery" name="test_restart_recovery_no_reprocess" time="0.093" /><testcase classname="tests.test_collector.TestBacklogRecovery" name="test_large_backlog_recovered" time="2.776" /><testcase classname="tests.test_collector.TestBacklogRecovery" name="test_one_error_does_not_stop_recovery" time="0.100" /><testcase classname="tests.test_collector.TestBacklogRecovery" name="test_cutoff_excludes_live_traffic" time="0.083" /><testcase classname="tests.test_collector.TestRawSaveReliability" name="test_success_returns_id" time="0.084" /><testcase classname="tests.test_collector.TestRawSaveReliability" name="test_duplicate_returns_none" time="0.079" /><testcase classname="tests.test_collector.TestRawSaveReliability" name="test_transient_error_retries_then_succeeds" time="0.233" /><testcase classname="tests.test_collector.TestRawSaveReliability" name="test_permanent_error_raises_after_retries" time="0.233" /><testcase classname="tests.test_collector.TestRawSaveFailureHandler" name="test_save_failure_stops_pipeline" time="0.002" /><testcase classname="tests.test_collector.TestRawSaveFailureHandler" name="test_duplicate_not_enqueued" time="0.002" /><testcase classname="tests.test_collector.TestRawFirstAndRecoverySemantics" name="test_get_sender_failure_still_saves_raw" time="0.077" /><testcase classname="tests.test_collector.TestRawFirstAndRecoverySemantics" name="test_get_sender_none_still_saves_raw" time="0.077" /><testcase classname="tests.test_collector.TestRawFirstAndRecoverySemantics" name="test_pipeline_failure_leaves_processed_at_null" time="0.077" /><testcase classname="tests.test_collector.TestRawFirstAndRecoverySemantics" name="test_successful_pipeline_marks_processed" time="0.083" /><testcase classname="tests.test_collector.TestRawFirstAndRecoverySemantics" name="test_w3_recovers_failed_pipeline_raw" time="0.084" /><testcase classname="tests.test_collector.TestProfileMediaOrderingAndDedup" name="test_concurrent_profile_then_media_links" time="0.113" /><testcase classname="tests.test_collector.TestProfileMediaOrderingAndDedup" name="test_no_double_enqueue_live_and_recovery" time="0.080" /><testcase classname="tests.test_collector.TestAuditMediumFixes" name="test_enqueued_set_bounded_after_recovery" time="0.368" /><testcase classname="tests.test_collector.TestAuditMediumFixes" name="test_dedup_marks_only_after_successful_save" time="0.079" /><testcase classname="tests.test_decision.TestAIDecisionModel" name="test_enum_values" time="0.001" /><testcase classname="tests.test_decision.TestAIDecisionModel" name="test_result_validation" time="0.001" /><testcase classname="tests.test_decision.TestAIDecisionModel" name="test_score_validation" time="0.001" /><testcase classname="tests.test_decision.TestAIDecisionModel" name="test_reasons_json" time="0.001" /><testcase classname="tests.test_decision.TestAIDecisionModel" name="test_decision_field_is_enum" time="0.001" /><testcase classname="tests.test_decision.TestDecisionBasic" name="test_pass_high_score_like" time="0.088" /><testcase classname="tests.test_decision.TestDecisionBasic" name="test_pass_medium_score_review" time="0.091" /><testcase classname="tests.test_decision.TestDecisionBasic" name="test_pass_low_score_dislike" time="0.087" /><testcase classname="tests.test_decision.TestDecisionBasic" name="test_reuses_passed_filter_result" time="0.089" /><testcase classname="tests.test_decision.TestDecisionHardFilters" name="test_reject_high_score_dislike" time="0.098" /><testcase classname="tests.test_decision.TestDecisionHardFilters" name="test_review_filter_high_score_review" time="0.091" /><testcase classname="tests.test_decision.TestDecisionConfidence" name="test_low_confidence_review" time="0.093" /><testcase classname="tests.test_decision.TestDecisionSignals" name="test_llm_only" time="0.103" /><testcase classname="tests.test_decision.TestDecisionSignals" name="test_clip_only_low_confidence_review" time="0.099" /><testcase classname="tests.test_decision.TestDecisionSignals" name="test_llm_and_clip" time="0.095" /><testcase classname="tests.test_decision.TestDecisionSignals" name="test_no_images_not_zero" time="0.100" /><testcase classname="tests.test_decision.TestDecisionSignals" name="test_ai_unavailable_review" time="0.098" /><testcase classname="tests.test_decision.TestDecisionConfig" name="test_combined_score_method" time="0.072" /><testcase classname="tests.test_decision.TestDecisionConfig" name="test_configurable_thresholds" time="0.087" /><testcase classname="tests.test_decision.TestDecisionConfig" name="test_configurable_weights" time="0.082" /><testcase classname="tests.test_decision.TestDecisionRemoteFailures" name="test_timeout_retries_then_zero" time="0.012" /><testcase classname="tests.test_decision.TestDecisionRemoteFailures" name="test_retry_limit_not_infinite" time="0.012" /><testcase classname="tests.test_decision.TestDecisionRemoteFailures" name="test_remote_failure_leads_to_ai_unavailable" time="0.099" /><testcase classname="tests.test_decision.TestDecisionDB" name="test_decision_history" time="0.098" /><testcase classname="tests.test_decision.TestDecisionDB" name="test_scoring_version" time="0.093" /><testcase classname="tests.test_decision.TestDecisionDB" name="test_prompt_version_in_llm" time="0.001" /><testcase classname="tests.test_decision.TestDecisionDB" name="test_foreign_key_cascade" time="0.089" /><testcase classname="tests.test_filter.TestCase1" name="test_pass" time="0.001" /><testcase classname="tests.test_filter.TestCase2" name="test_pass" time="0.001" /><testcase classname="tests.test_filter.TestCase3" name="test_reject_age" time="0.001" /><testcase classname="tests.test_filter.TestCase4" name="test_reject_age" time="0.001" /><testcase classname="tests.test_filter.TestCase5" name="test_reject_city" time="0.001" /><testcase classname="tests.test_filter.TestCase6" name="test_review_age" time="0.001" /><testcase classname="tests.test_filter.TestCase7" name="test_review_city" time="0.001" /><testcase classname="tests.test_filter.TestCase8" name="test_review_insufficient" time="0.001" /><testcase classname="tests.test_filter.TestMultipleReasons" name="test_all_reasons_collected" time="0.001" /><testcase classname="tests.test_filter.TestMultipleReasons" name="test_review_with_age_unknown" time="0.001" /><testcase classname="tests.test_filter.TestMultipleReasons" name="test_reasons_are_unique" time="0.001" /><testcase classname="tests.test_filter.TestPriority" name="test_reject_beats_review" time="0.001" /><testcase classname="tests.test_filter.TestPriority" name="test_review_when_no_reject" time="0.001" /><testcase classname="tests.test_filter.TestPriority" name="test_pass_when_clean" time="0.001" /><testcase classname="tests.test_filter.TestCityNormalization" name="test_normalized_city_used" time="0.001" /><testcase classname="tests.test_filter.TestCityNormalization" name="test_wrong_city_rejected" time="0.001" /><testcase classname="tests.test_filter.TestFilterHistory" name="test_history_saved" time="0.086" /><testcase classname="tests.test_filter.TestRepeatedEvaluation" name="test_idempotent" time="0.082" /><testcase classname="tests.test_filter.TestGetLatestResult" name="test_latest" time="0.084" /><testcase classname="tests.test_filter.TestGetLatestResult" name="test_no_result" time="0.080" /><testcase classname="tests.test_filter.TestGetHistory" name="test_history" time="0.083" /><testcase classname="tests.test_filter.TestForeignKey" name="test_cascade_delete" time="0.082" /><testcase classname="tests.test_filter.TestConfigAge" name="test_custom_age_range" time="0.001" /><testcase classname="tests.test_filter.TestConfigAge" name="test_outside_custom_range" time="0.001" /><testcase classname="tests.test_filter.TestConfigCity" name="test_custom_city_list" time="0.001" /><testcase classname="tests.test_filter.TestConfigCity" name="test_city_not_in_list" time="0.001" /><testcase classname="tests.test_human_review.TestHumanDecisionModel" name="test_enum_values" time="0.001" /><testcase classname="tests.test_human_review.TestHumanDecisionModel" name="test_approve_agreement" time="0.001" /><testcase classname="tests.test_human_review.TestHumanDecisionModel" name="test_reject_disagreement" time="0.001" /><testcase classname="tests.test_human_review.TestHumanDecisionModel" name="test_skip_unresolved" time="0.000" /><testcase classname="tests.test_human_review.TestHumanDecisionModel" name="test_agreement_independent_of_ai" time="0.001" /><testcase classname="tests.test_human_review.TestHumanDecisionModel" name="test_result_model" time="0.001" /><testcase classname="tests.test_human_review.TestSaveDecision" name="test_approve_save" time="0.081" /><testcase classname="tests.test_human_review.TestSaveDecision" name="test_reject_save" time="0.088" /><testcase classname="tests.test_human_review.TestSaveDecision" name="test_skip_save" time="0.084" /><testcase classname="tests.test_human_review.TestSaveDecision" name="test_save_missing_ai_raises" time="0.077" /><testcase classname="tests.test_human_review.TestSaveDecision" name="test_double_review_raises" time="0.369" /><testcase classname="tests.test_human_review.TestSaveDecision" name="test_multiple_review_history" time="0.130" /><testcase classname="tests.test_human_review.TestSaveDecision" name="test_is_reviewed" time="0.249" /><testcase classname="tests.test_human_review.TestSaveDecision" name="test_privacy_no_pii_in_history" time="0.450" /><testcase classname="tests.test_human_review.TestReviewQueue" name="test_no_pending_empty_db" time="0.082" /><testcase classname="tests.test_human_review.TestReviewQueue" name="test_only_ai_decision_enters_queue" time="0.085" /><testcase classname="tests.test_human_review.TestReviewQueue" name="test_oldest_first" time="0.209" /><testcase classname="tests.test_human_review.TestReviewQueue" name="test_already_reviewed_excluded" time="0.081" /><testcase classname="tests.test_human_review.TestReviewQueue" name="test_new_ai_decision_can_reenter" time="0.090" /><testcase classname="tests.test_human_review.TestReviewQueue" name="test_get_pending_lists_all" time="0.092" /><testcase classname="tests.test_human_review.TestReviewQueue" name="test_review_item_fields" time="0.088" /><testcase classname="tests.test_human_review.TestForeignKeys" name="test_ai_decision_cascade" time="0.094" /><testcase classname="tests.test_human_review.TestForeignKeys" name="test_profile_cascade" time="0.089" /><testcase classname="tests.test_parser.TestClassify" name="test_profiles[\u0441\u0430\u0448\u043a, 19, \u0441\u043f\u0431 \u2013 \u0437\u043d\u0430\u044e \u043b\u044e\u0431\u0432\u0438 \u043d\u0435 \u0431\u044b\u0432\u0430\u0435\u0442]" time="0.001" /><testcase classname="tests.test_parser.TestClassify" name="test_profiles[\u041c\u0430\u0439\u044f, 18, \u0441\u0430\u043d\u043a\u0442 \u043f\u0435\u0442\u0435\u0440\u0431\u0443\u0440\u0433]" time="0.001" /><testcase classname="tests.test_parser.TestClassify" name="test_profiles[*)))^, 18, \u0421\u0430\u043d\u043a\u0442 \u041f\u0435\u0442\u0435\u0440\u0431\u0443\u0440\u0433 \u2013 \u0412 \u043f\u043b\u0430\u043d\u0430\u0445]" time="0.001" /><testcase classname="tests.test_parser.TestClassify" name="test_profiles[wimx, 18, \u0421\u0430\u043d\u043a\u0442-\u041f\u0435\u0442\u0435\u0440\u0431\u0443\u0440\u0433]" time="0.001" /><testcase classname="tests.test_parser.TestClassify" name="test_profiles[\u0410\u043d\u043d\u0430, 19, \u041c\u043e\u0441\u043a\u0432\u0430 \u2013 \u041f\u0440\u0438\u0432\u0435\u0442 \u0432\u0441\u0435\u043c]" time="0.001" /><testcase classname="tests.test_parser.TestClassify" name="test_match" time="0.001" /><testcase classname="tests.test_parser.TestClassify" name="test_service" time="0.001" /><testcase classname="tests.test_parser.TestClassify" name="test_empty_is_service" time="0.001" /><testcase classname="tests.test_parser.TestClassify" name="test_media_only" time="0.001" /><testcase classname="tests.test_parser.TestClassify" name="test_unknown" time="0.001" /><testcase classname="tests.test_parser.TestClassify" name="test_profile_without_description" time="0.001" /><testcase classname="tests.test_parser.TestParseProfile" name="test_real_spb_short" time="0.001" /><testcase classname="tests.test_parser.TestParseProfile" name="test_real_no_description" time="0.001" /><testcase classname="tests.test_parser.TestParseProfile" name="test_real_special_chars_name" time="0.001" /><testcase classname="tests.test_parser.TestParseProfile" name="test_real_simple_name" time="0.001" /><testcase classname="tests.test_parser.TestParseProfile" name="test_cyrillic_name" time="0.001" /><testcase classname="tests.test_parser.TestParseProfile" name="test_wrong_age" time="0.001" /><testcase classname="tests.test_parser.TestParseProfile" name="test_source_ids" time="0.001" /><testcase classname="tests.test_parser.TestParseProfile" name="test_no_match_returns_description" time="0.001" /><testcase classname="tests.test_parser.TestParseMatch" name="test_basic_match" time="0.001" /><testcase classname="tests.test_parser.TestParseMatch" name="test_match_no_link" time="0.001" /><testcase classname="tests.test_parser.TestParseMatch" name="test_match_multiline" time="0.001" /><testcase classname="tests.test_parser.TestServiceMessages" name="test_service[\u0412\u0430\u043c \u043f\u043e\u0441\u0442\u0430\u0432\u0438\u043b\u0438 \u043b\u0430\u0439\u043a!]" time="0.001" /><testcase classname="tests.test_parser.TestServiceMessages" name="test_service[\u0423 \u0432\u0430\u0441 \u043e\u0431\u043e\u044e\u0434\u043d\u043e\u0435 \u0441\u043e\u0432\u043f\u0430\u0434\u0435\u043d\u0438\u0435!]" time="0.001" /><testcase classname="tests.test_parser.TestServiceMessages" name="test_service[\u041d\u0430\u043f\u0438\u0448\u0438\u0442\u0435 \u0435\u0439 \u043f\u0435\u0440\u0432\u044b\u043c!]" time="0.001" /><testcase classname="tests.test_parser.TestCityNormalization" name="test_spb_variants[\u0441\u043f\u0431-\u0421\u0430\u043d\u043a\u0442-\u041f\u0435\u0442\u0435\u0440\u0431\u0443\u0440\u0433]" time="0.001" /><testcase classname="tests.test_parser.TestCityNormalization" name="test_spb_variants[\u0421\u041f\u0431-\u0421\u0430\u043d\u043a\u0442-\u041f\u0435\u0442\u0435\u0440\u0431\u0443\u0440\u0433]" time="0.001" /><testcase classname="tests.test_parser.TestCityNormalization" name="test_spb_variants[\u0441\u043f\u0431.-\u0421\u0430\u043d\u043a\u0442-\u041f\u0435\u0442\u0435\u0440\u0431\u0443\u0440\u0433]" time="0.001" /><testcase classname="tests.test_parser.TestCityNormalization" name="test_spb_variants[\u0441\u0430\u043d\u043a\u0442 \u043f\u0435\u0442\u0435\u0440\u0431\u0443\u0440\u0433-\u0421\u0430\u043d\u043a\u0442-\u041f\u0435\u0442\u0435\u0440\u0431\u0443\u0440\u0433]" time="0.001" /><testcase classname="tests.test_parser.TestCityNormalization" name="test_spb_variants[\u0421\u0430\u043d\u043a\u0442 \u041f\u0435\u0442\u0435\u0440\u0431\u0443\u0440\u0433-\u0421\u0430\u043d\u043a\u0442-\u041f\u0435\u0442\u0435\u0440\u0431\u0443\u0440\u0433]" time="0.001" /><testcase classname="tests.test_parser.TestCityNormalization" name="test_spb_variants[\u0421\u0430\u043d\u043a\u0442-\u041f\u0435\u0442\u0435\u0440\u0431\u0443\u0440\u0433-\u0421\u0430\u043d\u043a\u0442-\u041f\u0435\u0442\u0435\u0440\u0431\u0443\u0440\u0433]" time="0.001" /><testcase classname="tests.test_parser.TestCityNormalization" name="test_spb_variants[\u041f\u0438\u0442\u0435\u0440-\u0421\u0430\u043d\u043a\u0442-\u041f\u0435\u0442\u0435\u0440\u0431\u0443\u0440\u0433]" time="0.001" /><testcase classname="tests.test_parser.TestCityNormalization" name="test_spb_variants[\u043f\u0438\u0442\u0435\u0440-\u0421\u0430\u043d\u043a\u0442-\u041f\u0435\u0442\u0435\u0440\u0431\u0443\u0440\u0433]" time="0.001" /><testcase classname="tests.test_parser.TestCityNormalization" name="test_spb_variants[\u0441\u0430\u043d\u043a\u0442 - \u043f\u0435\u0442\u0435\u0440\u0431\u0443\u0440\u0433-\u0421\u0430\u043d\u043a\u0442-\u041f\u0435\u0442\u0435\u0440\u0431\u0443\u0440\u0433]" time="0.001" /><testcase classname="tests.test_parser.TestCityNormalization" name="test_spb_variants[\u0421\u0430\u043d\u043a\u0442 \u2013 \u041f\u0435\u0442\u0435\u0440\u0431\u0443\u0440\u0433-\u0421\u0430\u043d\u043a\u0442-\u041f\u0435\u0442\u0435\u0440\u0431\u0443\u0440\u0433]" time="0.001" /><testcase classname="tests.test_parser.TestCityNormalization" name="test_spb_variants[\u0441\u0430\u043d\u043a\u0442\u2013\u043f\u0435\u0442\u0435\u0440\u0431\u0443\u0440\u0433-\u0421\u0430\u043d\u043a\u0442-\u041f\u0435\u0442\u0435\u0440\u0431\u0443\u0440\u0433]" time="0.001" /><testcase classname="tests.test_parser.TestCityNormalization" name="test_spb_variants[\u0441\u0430\u043d\u043a\u0442\u2014\u043f\u0435\u0442\u0435\u0440\u0431\u0443\u0440\u0433-\u0421\u0430\u043d\u043a\u0442-\u041f\u0435\u0442\u0435\u0440\u0431\u0443\u0440\u0433]" time="0.001" /><testcase classname="tests.test_parser.TestCityNormalization" name="test_unknown_city" time="0.001" /><testcase classname="tests.test_parser.TestCityNormalization" name="test_unknown_district_not_mapped_to_city" time="0.001" /><testcase classname="tests.test_parser.TestCityNormalization" name="test_whitespace" time="0.001" /><testcase classname="tests.test_parser.TestMediaOnly" name="test_photo_no_text" time="0.001" /><testcase classname="tests.test_parser.TestMediaOnly" name="test_text_with_media" time="0.001" /><testcase classname="tests.test_parser.TestMediaOnly" name="test_photo_with_text_profile" time="0.001" /><testcase classname="tests.test_parser.TestMediaDetection" name="test_detect_media_type_photo" time="0.001" /><testcase classname="tests.test_parser.TestMediaDetection" name="test_detect_media_type_none" time="0.001" /><testcase classname="tests.test_parser.TestMediaDetection" name="test_detect_media_type_no_media_attr" time="0.001" /><testcase classname="tests.test_profile.TestCreateProfile" name="test_creates_profile" time="0.087" /><testcase classname="tests.test_profile.TestGetProfile" name="test_get_existing" time="0.084" /><testcase classname="tests.test_profile.TestGetProfile" name="test_get_nonexistent" time="0.077" /><testcase classname="tests.test_profile.TestUpsert" name="test_upsert_creates_new" time="0.082" /><testcase classname="tests.test_profile.TestUpsert" name="test_upsert_updates_existing" time="0.084" /><testcase classname="tests.test_profile.TestRepeatDiscovery" name="test_same_profile_different_messages" time="0.088" /><testcase classname="tests.test_profile.TestDescriptionUpdate" name="test_description_updates" time="0.084" /><testcase classname="tests.test_profile.TestRawCityUpdate" name="test_raw_city_updates" time="0.086" /><testcase classname="tests.test_profile.TestFingerprint" name="test_same_input_same_fingerprint" time="0.001" /><testcase classname="tests.test_profile.TestFingerprint" name="test_different_name_different_fingerprint" time="0.000" /><testcase classname="tests.test_profile.TestFingerprint" name="test_fingerprint_is_sha256" time="0.000" /><testcase classname="tests.test_profile.TestMultipleMessages" name="test_link_messages" time="0.086" /><testcase classname="tests.test_profile.TestUniqueMessages" name="test_duplicate_link_ignored" time="0.084" /><testcase classname="tests.test_profile.TestUnknownNoProfile" name="test_unknown_not_created" time="0.067" /><testcase classname="tests.test_profile.TestMediaOnlyNoProfile" name="test_media_only_no_self_profile" time="0.077" /><testcase classname="tests.test_profile.TestRawFirst" name="test_raw_exists_before_profile" time="0.086" /><testcase classname="tests.test_profile.TestMatchExisting" name="test_match_sets_status" time="0.085" /><testcase classname="tests.test_profile.TestTransactionRollback" name="test_atomic_create_and_link" time="0.085" /><testcase classname="tests.test_profile.TestBackwardCompatibility" name="test_raw_messages_table_intact" time="0.079" /><testcase classname="tests.test_review_ui.TestReviewBot" name="test_register_adds_handlers" time="0.089" /><testcase classname="tests.test_review_ui.TestReviewBot" name="test_parse_review_callback" time="0.001" /><testcase classname="tests.test_review_ui.TestReviewBot" name="test_render_review_panel" time="0.094" /><testcase classname="tests.test_review_ui.TestReviewBot" name="test_full_review_flow_via_mocked_ui" time="0.091" /><testcase classname="tests.test_review_ui.TestReviewBot" name="test_all_renderers" time="0.079" /></testsuite></testsuites>